<?xml version="1.0" encoding="UTF-8"?>
<!-- Generated by org.testng.reporters.JUnitReportReporter -->
<testsuite skipped="0" hostname="KalpeshT-WIN7" name="au.com.shortcuts.live.tests.tools.ClientImportTests" tests="1" failures="0" timestamp="27 Feb 2018 06:55:35 GMT" time="39.680" errors="0">
  <testcase name="client_Import" time="39.680" classname="au.com.shortcuts.live.tests.tools.ClientImportTests"/>
</testsuite> <!-- au.com.shortcuts.live.tests.tools.ClientImportTests -->
