<?xml version="1.0" encoding="UTF-8"?>
<!-- Generated by org.testng.reporters.JUnitReportReporter -->
<testsuite skipped="0" hostname="KalpeshT-W10" name="AER.FMDP.App" tests="1" failures="0" timestamp="05 Oct 2018 08:33:48 GMT" time="13.947" errors="0">
  <testcase name="openMyBlog" time="13.947" classname="AER.FMDP.App"/>
</testsuite> <!-- AER.FMDP.App -->
