<?xml version="1.0" encoding="UTF-8"?>
<!-- Generated by org.testng.reporters.JUnitReportReporter -->
<testsuite skipped="0" hostname="KalpeshT-W10" name="AER.FMDP.AppTest" tests="1" failures="0" timestamp="05 Oct 2018 09:05:26 GMT" time="15.141" errors="0">
  <testcase name="openMyBlog" time="15.141" classname="AER.FMDP.AppTest"/>
</testsuite> <!-- AER.FMDP.AppTest -->
